<?xml version="1.0" encoding="UTF-8"?>
<!-- Generated by org.testng.reporters.JUnitReportReporter -->
<testsuite hostname="USBLRASARAVIND3" failures="0" tests="4" name="testscript.LoginTest" time="215.982" errors="0" timestamp="2026-01-08T14:20:15 IST" skipped="0">
  <testcase classname="testscript.LoginTest" name="verifyUserIsAbleToLoginUsingValidCredentials" time="44.392"/>
  <testcase classname="testscript.LoginTest" name="verifyUserIsUnableToLoginUsingInvalidUsernameAndValidPassword" time="116.849"/>
  <testcase classname="testscript.LoginTest" name="verifyUserIsUnableToLoginUsingValidUsernameAndInvalidPassword" time="23.594"/>
  <testcase classname="testscript.LoginTest" name="verifyUserIsUnableToLoginUsingInvalidUsernameAndInvalidPassword" time="31.147"/>
</testsuite> <!-- testscript.LoginTest -->
