<?xml version="1.0" encoding="UTF-8"?>
<!-- Generated by org.testng.reporters.JUnitReportReporter -->
<testsuite hostname="USBLRASARAVIND3" failures="0" tests="4" name="testscript.LoginTest" time="151.835" errors="0" timestamp="2026-01-08T19:49:54 IST" skipped="0">
  <testcase classname="testscript.LoginTest" name="verifyUserIsAbleToLoginUsingValidCredentials" time="47.752"/>
  <testcase classname="testscript.LoginTest" name="verifyUserIsUnableToLoginUsingInvalidUsernameAndValidPassword" time="25.781"/>
  <testcase classname="testscript.LoginTest" name="verifyUserIsUnableToLoginUsingValidUsernameAndInvalidPassword" time="53.321"/>
  <testcase classname="testscript.LoginTest" name="verifyUserIsUnableToLoginUsingInvalidUsernameAndInvalidPassword" time="24.981"/>
</testsuite> <!-- testscript.LoginTest -->
