<?xml version="1.0" encoding="UTF-8"?>
<!-- Generated by org.testng.reporters.JUnitXMLReporter -->
<testsuite ignored="0" hostname="USBLRASARAVIND3" failures="0" tests="2" name="Surefire test" time="50.704" errors="0" timestamp="2026-01-02T11:43:23 IST">
  <testcase classname="testscript.LoginTest" name="verifyuserisabletologinusingvalidcredentials" time="4.885"/>
  <testcase classname="testscript.ManageNewsTest" name="verifyuserisabletoclickmanagenewsandentertext" time="3.492"/>
</testsuite> <!-- Surefire test -->
