<?xml version="1.0" encoding="UTF-8"?>
<!-- Generated by org.testng.reporters.JUnitXMLReporter -->
<testsuite ignored="0" hostname="USBLRASARAVIND3" failures="0" tests="3" name="Test" time="52.388" errors="0" timestamp="2026-01-12T11:19:43 IST">
  <testcase classname="testscript.ManageContactTest" name="verifyUserIsAbleToUpdateContactDetails" time="11.309"/>
  <testcase classname="testscript.ManageFooterTextTest" name="verifyUserIsAbleToUpdateManageFooterDetails" time="4.496"/>
  <testcase classname="testscript.ManageCategoryTest" name="verifyUserIsAbleToEnterNewCategoryDetails" time="6.485"/>
</testsuite> <!-- Test -->
