<?xml version="1.0" encoding="UTF-8"?>
<!-- Generated by org.testng.reporters.JUnitXMLReporter -->
<testsuite ignored="0" hostname="USBLRASARAVIND3" failures="1" tests="2" name="Test" time="11.498" errors="0" timestamp="2026-01-01T12:16:43 IST">
  <testcase classname="testscript.LoginTest" name="verifyuserisabletologinusingvalidcredentials" time="1.354"/>
  <testcase classname="testscript.ManageNewsTest" name="verifyuserisabletoclickmanagenewsandentertext" time="0.083">
    <failure type="java.lang.NullPointerException" message="Cannot invoke &amp;quot;org.openqa.selenium.WebElement.click()&amp;quot; because &amp;quot;this.managenews&amp;quot; is null">
      <![CDATA[java.lang.NullPointerException: Cannot invoke "org.openqa.selenium.WebElement.click()" because "this.managenews" is null
at pages.ManageNewsPage.clickManageNews(ManageNewsPage.java:17)
at testscript.ManageNewsTest.verifyuserisabletoclickmanagenewsandentertext(ManageNewsTest.java:23)
at java.base/java.util.ArrayList.forEach(ArrayList.java:1511)
... Removed 27 stack frames]]>
    </failure>
  </testcase> <!-- verifyuserisabletoclickmanagenewsandentertext -->
</testsuite> <!-- Test -->
