<?xml version="1.0" encoding="UTF-8"?>
<testng-results ignored="0" total="3" passed="3" failed="0" skipped="0">
  <reporter-output>
  </reporter-output>
  <suite started-at="2026-01-12T11:18:50 IST" name="Suite" finished-at="2026-01-12T11:19:42 IST" duration-ms="52388">
    <groups>
      <group name="regression">
        <method signature="ManageCategoryTest.verifyUserIsAbleToEnterNewCategoryDetails()[pri:1, instance:testscript.ManageCategoryTest@465232e9]" name="verifyUserIsAbleToEnterNewCategoryDetails" class="testscript.ManageCategoryTest"/>
        <method signature="ManageContactTest.verifyUserIsAbleToUpdateContactDetails()[pri:1, instance:testscript.ManageContactTest@7857fe2]" name="verifyUserIsAbleToUpdateContactDetails" class="testscript.ManageContactTest"/>
        <method signature="ManageFooterTextTest.verifyUserIsAbleToUpdateManageFooterDetails()[pri:1, instance:testscript.ManageFooterTextTest@37313c65]" name="verifyUserIsAbleToUpdateManageFooterDetails" class="testscript.ManageFooterTextTest"/>
      </group> <!-- regression -->
    </groups>
    <test started-at="2026-01-12T11:18:50 IST" name="Test" finished-at="2026-01-12T11:19:42 IST" duration-ms="52388">
      <class name="testscript.ManageContactTest">
        <test-method is-config="true" signature="browserInitialization(java.lang.String)[pri:0, instance:testscript.ManageContactTest@7857fe2]" started-at="2026-01-12T11:18:50 IST" name="browserInitialization" finished-at="2026-01-12T11:19:02 IST" duration-ms="11881" status="PASS">
          <params>
            <param index="0">
              <value>
                <![CDATA[chrome]]>
              </value>
            </param>
          </params>
          <reporter-output>
          </reporter-output>
        </test-method> <!-- browserInitialization -->
        <test-method signature="verifyUserIsAbleToUpdateContactDetails()[pri:1, instance:testscript.ManageContactTest@7857fe2]" started-at="2026-01-12T11:19:02 IST" name="verifyUserIsAbleToUpdateContactDetails" description="Testcase to update contact details" finished-at="2026-01-12T11:19:13 IST" duration-ms="11309" status="PASS">
          <reporter-output>
          </reporter-output>
        </test-method> <!-- verifyUserIsAbleToUpdateContactDetails -->
      </class> <!-- testscript.ManageContactTest -->
      <class name="testscript.ManageFooterTextTest">
        <test-method is-config="true" signature="browserInitialization(java.lang.String)[pri:0, instance:testscript.ManageFooterTextTest@37313c65]" started-at="2026-01-12T11:19:13 IST" name="browserInitialization" finished-at="2026-01-12T11:19:22 IST" duration-ms="9189" status="PASS">
          <params>
            <param index="0">
              <value>
                <![CDATA[chrome]]>
              </value>
            </param>
          </params>
          <reporter-output>
          </reporter-output>
        </test-method> <!-- browserInitialization -->
        <test-method signature="verifyUserIsAbleToUpdateManageFooterDetails()[pri:1, instance:testscript.ManageFooterTextTest@37313c65]" started-at="2026-01-12T11:19:22 IST" name="verifyUserIsAbleToUpdateManageFooterDetails" description="Testcase to update footer text details" finished-at="2026-01-12T11:19:27 IST" duration-ms="4496" status="PASS">
          <reporter-output>
          </reporter-output>
        </test-method> <!-- verifyUserIsAbleToUpdateManageFooterDetails -->
      </class> <!-- testscript.ManageFooterTextTest -->
      <class name="testscript.ManageCategoryTest">
        <test-method is-config="true" signature="browserInitialization(java.lang.String)[pri:0, instance:testscript.ManageCategoryTest@465232e9]" started-at="2026-01-12T11:19:27 IST" name="browserInitialization" finished-at="2026-01-12T11:19:36 IST" duration-ms="8923" status="PASS">
          <params>
            <param index="0">
              <value>
                <![CDATA[chrome]]>
              </value>
            </param>
          </params>
          <reporter-output>
          </reporter-output>
        </test-method> <!-- browserInitialization -->
        <test-method signature="verifyUserIsAbleToEnterNewCategoryDetails()[pri:1, instance:testscript.ManageCategoryTest@465232e9]" started-at="2026-01-12T11:19:36 IST" name="verifyUserIsAbleToEnterNewCategoryDetails" description="Testcase to create new category details" finished-at="2026-01-12T11:19:42 IST" duration-ms="6485" status="PASS">
          <reporter-output>
          </reporter-output>
        </test-method> <!-- verifyUserIsAbleToEnterNewCategoryDetails -->
      </class> <!-- testscript.ManageCategoryTest -->
    </test> <!-- Test -->
  </suite> <!-- Suite -->
</testng-results>
