<?xml version="1.0" encoding="UTF-8"?>
<testng-results ignored="0" total="1" passed="1" failed="0" skipped="0">
  <reporter-output>
  </reporter-output>
  <suite started-at="2026-01-05T17:52:43 IST" name="Default suite" finished-at="2026-01-05T17:53:33 IST" duration-ms="50157">
    <groups>
    </groups>
    <test started-at="2026-01-05T17:52:43 IST" name="Default test" finished-at="2026-01-05T17:53:33 IST" duration-ms="50157">
      <class name="testscript.ManageContactTest">
        <test-method is-config="true" signature="browserInitialization()[pri:0, instance:testscript.ManageContactTest@f6efaab]" started-at="2026-01-05T17:52:43 IST" name="browserInitialization" finished-at="2026-01-05T17:53:27 IST" duration-ms="44107" status="PASS">
          <reporter-output>
          </reporter-output>
        </test-method> <!-- browserInitialization -->
        <test-method signature="verifyuserisabletoupdatecontactdetails()[pri:0, instance:testscript.ManageContactTest@f6efaab]" started-at="2026-01-05T17:53:27 IST" name="verifyuserisabletoupdatecontactdetails" finished-at="2026-01-05T17:53:33 IST" duration-ms="5983" status="PASS">
          <reporter-output>
          </reporter-output>
        </test-method> <!-- verifyuserisabletoupdatecontactdetails -->
      </class> <!-- testscript.ManageContactTest -->
    </test> <!-- Default test -->
  </suite> <!-- Default suite -->
</testng-results>
