<?xml version="1.0" encoding="UTF-8"?>
<!-- Generated by org.testng.reporters.JUnitXMLReporter -->
<testsuite ignored="0" hostname="USBLRASARAVIND3" failures="2" tests="13" name="FirefoxTest" time="580.494" errors="0" timestamp="2026-01-07T11:07:45 IST">
  <testcase classname="testscript.ManageNewsTest" name="verifyuserisabletoclickmanagenewsandentertext" time="9.987">
    <skipped/>
  </testcase> <!-- verifyuserisabletoclickmanagenewsandentertext -->
  <testcase classname="testscript.ManageNewsTest" name="verifyuserisabletoclickmanagenewsandentertext" time="14.308"/>
  <testcase classname="testscript.AdminUsersTest" name="verifyuserisabletoenternewadmincredentials" time="9.907">
    <skipped/>
  </testcase> <!-- verifyuserisabletoenternewadmincredentials -->
  <testcase classname="testscript.AdminUsersTest" name="verifyuserisabletoenternewadmincredentials" time="10.954"/>
  <testcase classname="testscript.ManageCategoryTest" name="verifyuserisabletoenternewcategorydetails" time="6.939">
    <skipped/>
  </testcase> <!-- verifyuserisabletoenternewcategorydetails -->
  <testcase classname="testscript.ManageCategoryTest" name="verifyuserisabletoenternewcategorydetails" time="6.252">
    <skipped/>
  </testcase> <!-- verifyuserisabletoenternewcategorydetails -->
  <testcase classname="testscript.ManageCategoryTest" name="verifyuserisabletoenternewcategorydetails" time="6.432">
    <failure type="java.lang.NullPointerException" message="Cannot invoke &amp;quot;org.apache.poi.xssf.usermodel.XSSFCell.getStringCellValue()&amp;quot; because &amp;quot;c&amp;quot; is null">
      <![CDATA[java.lang.NullPointerException: Cannot invoke "org.apache.poi.xssf.usermodel.XSSFCell.getStringCellValue()" because "c" is null
at utilities.Excelutility.readStringData(Excelutility.java:27)
at testscript.ManageCategoryTest.verifyuserisabletoenternewcategorydetails(ManageCategoryTest.java:29)
at java.base/java.util.ArrayList.forEach(ArrayList.java:1511)
at java.base/java.util.concurrent.FutureTask.run(FutureTask.java:264)
at java.base/java.util.concurrent.ThreadPoolExecutor.runWorker(ThreadPoolExecutor.java:1136)
at java.base/java.util.concurrent.ThreadPoolExecutor$Worker.run(ThreadPoolExecutor.java:635)
at java.base/java.lang.Thread.run(Thread.java:842)
... Removed 17 stack frames]]>
    </failure>
  </testcase> <!-- verifyuserisabletoenternewcategorydetails -->
  <testcase classname="testscript.LoginTest" name="verifyuserisabletologinusingvalidcredentials" time="4.286"/>
  <testcase classname="testscript.LogoutTest" name="verifyuserisabletologoutfrompage" time="7.419"/>
  <testcase classname="testscript.ManageContactTest" name="verifyuserisabletoupdatecontactdetails" time="8.243">
    <skipped/>
  </testcase> <!-- verifyuserisabletoupdatecontactdetails -->
  <testcase classname="testscript.ManageContactTest" name="verifyuserisabletoupdatecontactdetails" time="7.323">
    <skipped/>
  </testcase> <!-- verifyuserisabletoupdatecontactdetails -->
  <testcase classname="testscript.ManageContactTest" name="verifyuserisabletoupdatecontactdetails" time="9.377">
    <failure type="org.openqa.selenium.interactions.MoveTargetOutOfBoundsException" message="Move target (331, 673) is out of bounds of viewport dimensions (1280, 659)
Build info: version: &amp;apos;4.34.0&amp;apos;, revision: &amp;apos;707dcb4246*&amp;apos;
System info: os.name: &amp;apos;Windows 11&amp;apos;, os.arch: &amp;apos;amd64&amp;apos;, os.version: &amp;apos;10.0&amp;apos;, java.version: &amp;apos;17.0.12&amp;apos;
Driver info: org.openqa.selenium.firefox.FirefoxDriver
Command: [fb0eb6c4-171f-4fc6-b89f-9aa5051cbd21, actions {actions=[org.openqa.selenium.interactions.Sequence@7e77eb59]}]
Capabilities {acceptInsecureCerts: true, browserName: firefox, browserVersion: 146.0.1, moz:accessibilityChecks: false, moz:buildID: 20251217121356, moz:geckodriverVersion: 0.36.0, moz:headless: false, moz:platformVersion: 10.0, moz:processID: 34876, moz:profile: C:\Users\ASARAV~1\AppData\L..., moz:shutdownTimeout: 60000, moz:webdriverClick: true, moz:windowless: false, pageLoadStrategy: normal, platformName: windows, proxy: Proxy(), setWindowRect: true, strictFileInteractability: false, timeouts: {implicit: 0, pageLoad: 300000, script: 30000}, unhandledPromptBehavior: dismiss and notify, userAgent: Mozilla/5.0 (Windows NT 10....}
Session ID: fb0eb6c4-171f-4fc6-b89f-9aa5051cbd21">
      <![CDATA[org.openqa.selenium.interactions.MoveTargetOutOfBoundsException: Move target (331, 673) is out of bounds of viewport dimensions (1280, 659)
Build info: version: '4.34.0', revision: '707dcb4246*'
System info: os.name: 'Windows 11', os.arch: 'amd64', os.version: '10.0', java.version: '17.0.12'
Driver info: org.openqa.selenium.firefox.FirefoxDriver
Command: [fb0eb6c4-171f-4fc6-b89f-9aa5051cbd21, actions {actions=[org.openqa.selenium.interactions.Sequence@7e77eb59]}]
Capabilities {acceptInsecureCerts: true, browserName: firefox, browserVersion: 146.0.1, moz:accessibilityChecks: false, moz:buildID: 20251217121356, moz:geckodriverVersion: 0.36.0, moz:headless: false, moz:platformVersion: 10.0, moz:processID: 34876, moz:profile: C:\Users\ASARAV~1\AppData\L..., moz:shutdownTimeout: 60000, moz:webdriverClick: true, moz:windowless: false, pageLoadStrategy: normal, platformName: windows, proxy: Proxy(), setWindowRect: true, strictFileInteractability: false, timeouts: {implicit: 0, pageLoad: 300000, script: 30000}, unhandledPromptBehavior: dismiss and notify, userAgent: Mozilla/5.0 (Windows NT 10....}
Session ID: fb0eb6c4-171f-4fc6-b89f-9aa5051cbd21
at org.openqa.selenium.remote.ErrorCodec.decode(ErrorCodec.java:167)
at org.openqa.selenium.remote.codec.w3c.W3CHttpResponseCodec.decode(W3CHttpResponseCodec.java:138)
at org.openqa.selenium.remote.codec.w3c.W3CHttpResponseCodec.decode(W3CHttpResponseCodec.java:50)
at org.openqa.selenium.remote.HttpCommandExecutor.execute(HttpCommandExecutor.java:215)
at org.openqa.selenium.remote.service.DriverCommandExecutor.invokeExecute(DriverCommandExecutor.java:216)
at org.openqa.selenium.remote.service.DriverCommandExecutor.execute(DriverCommandExecutor.java:174)
at org.openqa.selenium.remote.RemoteWebDriver.execute(RemoteWebDriver.java:544)
at org.openqa.selenium.remote.RemoteWebDriver.perform(RemoteWebDriver.java:630)
at org.openqa.selenium.interactions.Actions$BuiltAction.perform(Actions.java:616)
at org.openqa.selenium.interactions.Actions.perform(Actions.java:581)
at pages.ManageContactPage.clickUpdatebutton(ManageContactPage.java:49)
at testscript.ManageContactTest.verifyuserisabletoupdatecontactdetails(ManageContactTest.java:34)
at java.base/java.util.ArrayList.forEach(ArrayList.java:1511)
at java.base/java.util.concurrent.FutureTask.run(FutureTask.java:264)
at java.base/java.util.concurrent.ThreadPoolExecutor.runWorker(ThreadPoolExecutor.java:1136)
at java.base/java.util.concurrent.ThreadPoolExecutor$Worker.run(ThreadPoolExecutor.java:635)
at java.base/java.lang.Thread.run(Thread.java:842)
... Removed 22 stack frames]]>
    </failure>
  </testcase> <!-- verifyuserisabletoupdatecontactdetails -->
  <testcase classname="testscript.ManageFooterTextTest" name="verifyuserisabletoupdatemanagefooterdetails" time="0.0">
    <skipped/>
  </testcase> <!-- verifyuserisabletoupdatemanagefooterdetails -->
</testsuite> <!-- FirefoxTest -->
