<?xml version="1.0" encoding="UTF-8"?>
<testng-results ignored="0" total="2" passed="2" failed="0" skipped="0">
  <reporter-output>
  </reporter-output>
  <suite started-at="2026-01-02T11:42:32 IST" name="Surefire suite" finished-at="2026-01-02T11:43:23 IST" duration-ms="50704">
    <groups>
    </groups>
    <test started-at="2026-01-02T11:42:32 IST" name="Surefire test" finished-at="2026-01-02T11:43:23 IST" duration-ms="50704">
      <class name="testscript.ManageNewsTest">
        <test-method is-config="true" signature="browserInitialization()[pri:0, instance:testscript.ManageNewsTest@6ac13091]" started-at="2026-01-02T11:42:45 IST" name="browserInitialization" finished-at="2026-01-02T11:43:19 IST" duration-ms="34560" status="PASS">
          <reporter-output>
          </reporter-output>
        </test-method> <!-- browserInitialization -->
        <test-method signature="verifyuserisabletoclickmanagenewsandentertext()[pri:2, instance:testscript.ManageNewsTest@6ac13091]" started-at="2026-01-02T11:43:19 IST" name="verifyuserisabletoclickmanagenewsandentertext" finished-at="2026-01-02T11:43:23 IST" duration-ms="3492" status="PASS">
          <reporter-output>
          </reporter-output>
        </test-method> <!-- verifyuserisabletoclickmanagenewsandentertext -->
      </class> <!-- testscript.ManageNewsTest -->
      <class name="testscript.LoginTest">
        <test-method is-config="true" signature="browserInitialization()[pri:0, instance:testscript.LoginTest@16e7dcfd]" started-at="2026-01-02T11:42:32 IST" name="browserInitialization" finished-at="2026-01-02T11:42:40 IST" duration-ms="7726" status="PASS">
          <reporter-output>
          </reporter-output>
        </test-method> <!-- browserInitialization -->
        <test-method signature="verifyuserisabletologinusingvalidcredentials()[pri:1, instance:testscript.LoginTest@16e7dcfd]" started-at="2026-01-02T11:42:40 IST" name="verifyuserisabletologinusingvalidcredentials" finished-at="2026-01-02T11:42:45 IST" duration-ms="4885" status="PASS">
          <reporter-output>
          </reporter-output>
        </test-method> <!-- verifyuserisabletologinusingvalidcredentials -->
      </class> <!-- testscript.LoginTest -->
    </test> <!-- Surefire test -->
  </suite> <!-- Surefire suite -->
</testng-results>
